# JRE version: OpenJDK Runtime Environment (17.0.7) (build 17.0.7+0-b2043.56-10550314)
# Java VM: OpenJDK 64-Bit Server VM (17.0.7+0-b2043.56-10550314, mixed mode, tiered, compressed oops, compressed class ptrs, g1 gc, windows-amd64)
GC Precious Log:
 CPUs: 12 total, 12 available
 Memory: 7521M
 Large Page Support: Disabled
 NUMA Support: Disabled
 Compressed Oops: Enabled (32-bit)
 Heap Region Size: 1M
 Heap Min Capacity: 8M
 Heap Initial Capacity: 118M
 Heap Max Capacity: 2G
 Pre-touch: Disabled
 Parallel Workers: 10
 Concurrent Workers: 3
 Concurrent Refinement Workers: 10
 Periodic GC: Disabled
Heap:
 garbage-first heap   total 264192K, used 208896K [0x0000000080000000, 0x0000000100000000)
  region size 1024K, 41 young (41984K), 7 survivors (7168K)
 Metaspace       used 112128K, committed 112960K, reserved 1179648K
  class space    used 14462K, committed 14848K, reserved 1048576K
GC Heap History (20 events):
Event: 18.200 GC heap before
{Heap before GC invocations=40 (full 0):
 garbage-first heap   total 140288K, used 82342K [0x0000000080000000, 0x0000000100000000)
  region size 1024K, 6 young (6144K), 4 survivors (4096K)
 Metaspace       used 94084K, committed 94784K, reserved 1179648K
  class space    used 12822K, committed 13120K, reserved 1048576K
}
Event: 18.205 GC heap after
{Heap after GC invocations=41 (full 0):
 garbage-first heap   total 140288K, used 81372K [0x0000000080000000, 0x0000000100000000)
  region size 1024K, 1 young (1024K), 1 survivors (1024K)
 Metaspace       used 94084K, committed 94784K, reserved 1179648K
  class space    used 12822K, committed 13120K, reserved 1048576K
}
Event: 19.861 GC heap before
{Heap before GC invocations=41 (full 0):
 garbage-first heap   total 140288K, used 112092K [0x0000000080000000, 0x0000000100000000)
  region size 1024K, 32 young (32768K), 1 survivors (1024K)
 Metaspace       used 96768K, committed 97408K, reserved 1179648K
  class space    used 13131K, committed 13440K, reserved 1048576K
}
Event: 19.869 GC heap after
{Heap after GC invocations=42 (full 0):
 garbage-first heap   total 264192K, used 86756K [0x0000000080000000, 0x0000000100000000)
  region size 1024K, 4 young (4096K), 4 survivors (4096K)
 Metaspace       used 96768K, committed 97408K, reserved 1179648K
  class space    used 13131K, committed 13440K, reserved 1048576K
}
Event: 22.669 GC heap before
{Heap before GC invocations=43 (full 0):
 garbage-first heap   total 264192K, used 232164K [0x0000000080000000, 0x0000000100000000)
  region size 1024K, 112 young (114688K), 4 survivors (4096K)
 Metaspace       used 101237K, committed 102016K, reserved 1179648K
  class space    used 13562K, committed 13952K, reserved 1048576K
}
Event: 22.697 GC heap after
{Heap after GC invocations=44 (full 0):
 garbage-first heap   total 264192K, used 115708K [0x0000000080000000, 0x0000000100000000)
  region size 1024K, 14 young (14336K), 14 survivors (14336K)
 Metaspace       used 101237K, committed 102016K, reserved 1179648K
  class space    used 13562K, committed 13952K, reserved 1048576K
}
Event: 22.703 GC heap before
{Heap before GC invocations=44 (full 0):
 garbage-first heap   total 264192K, used 116732K [0x0000000080000000, 0x0000000100000000)
  region size 1024K, 15 young (15360K), 14 survivors (14336K)
 Metaspace       used 101237K, committed 102016K, reserved 1179648K
  class space    used 13562K, committed 13952K, reserved 1048576K
}
Event: 22.719 GC heap after
{Heap after GC invocations=45 (full 0):
 garbage-first heap   total 264192K, used 118355K [0x0000000080000000, 0x0000000100000000)
  region size 1024K, 2 young (2048K), 2 survivors (2048K)
 Metaspace       used 101237K, committed 102016K, reserved 1179648K
  class space    used 13562K, committed 13952K, reserved 1048576K
}
Event: 23.206 GC heap before
{Heap before GC invocations=45 (full 0):
 garbage-first heap   total 264192K, used 196179K [0x0000000080000000, 0x0000000100000000)
  region size 1024K, 79 young (80896K), 2 survivors (2048K)
 Metaspace       used 104476K, committed 105216K, reserved 1179648K
  class space    used 13849K, committed 14208K, reserved 1048576K
}
Event: 23.216 GC heap after
{Heap after GC invocations=46 (full 0):
 garbage-first heap   total 264192K, used 128000K [0x0000000080000000, 0x0000000100000000)
  region size 1024K, 10 young (10240K), 10 survivors (10240K)
 Metaspace       used 104476K, committed 105216K, reserved 1179648K
  class space    used 13849K, committed 14208K, reserved 1048576K
}
Event: 23.843 GC heap before
{Heap before GC invocations=46 (full 0):
 garbage-first heap   total 264192K, used 210944K [0x0000000080000000, 0x0000000100000000)
  region size 1024K, 84 young (86016K), 10 survivors (10240K)
 Metaspace       used 105373K, committed 106176K, reserved 1179648K
  class space    used 13904K, committed 14272K, reserved 1048576K
}
Event: 23.853 GC heap after
{Heap after GC invocations=47 (full 0):
 garbage-first heap   total 264192K, used 126292K [0x0000000080000000, 0x0000000100000000)
  region size 1024K, 5 young (5120K), 5 survivors (5120K)
 Metaspace       used 105373K, committed 106176K, reserved 1179648K
  class space    used 13904K, committed 14272K, reserved 1048576K
}
Event: 24.645 GC heap before
{Heap before GC invocations=47 (full 0):
 garbage-first heap   total 264192K, used 207188K [0x0000000080000000, 0x0000000100000000)
  region size 1024K, 83 young (84992K), 5 survivors (5120K)
 Metaspace       used 106292K, committed 107136K, reserved 1179648K
  class space    used 13966K, committed 14400K, reserved 1048576K
}
Event: 24.654 GC heap after
{Heap after GC invocations=48 (full 0):
 garbage-first heap   total 264192K, used 128867K [0x0000000080000000, 0x0000000100000000)
  region size 1024K, 7 young (7168K), 7 survivors (7168K)
 Metaspace       used 106292K, committed 107136K, reserved 1179648K
  class space    used 13966K, committed 14400K, reserved 1048576K
}
Event: 37.058 GC heap before
{Heap before GC invocations=48 (full 0):
 garbage-first heap   total 264192K, used 209763K [0x0000000080000000, 0x0000000100000000)
  region size 1024K, 87 young (89088K), 7 survivors (7168K)
 Metaspace       used 111593K, committed 112384K, reserved 1179648K
  class space    used 14448K, committed 14848K, reserved 1048576K
}
Event: 37.217 GC heap after
{Heap after GC invocations=49 (full 0):
 garbage-first heap   total 264192K, used 134771K [0x0000000080000000, 0x0000000100000000)
  region size 1024K, 10 young (10240K), 10 survivors (10240K)
 Metaspace       used 111593K, committed 112384K, reserved 1179648K
  class space    used 14448K, committed 14848K, reserved 1048576K
}
Event: 39.662 GC heap before
{Heap before GC invocations=49 (full 0):
 garbage-first heap   total 264192K, used 222835K [0x0000000080000000, 0x0000000100000000)
  region size 1024K, 88 young (90112K), 10 survivors (10240K)
 Metaspace       used 111927K, committed 112768K, reserved 1179648K
  class space    used 14456K, committed 14848K, reserved 1048576K
}
Event: 39.738 GC heap after
{Heap after GC invocations=50 (full 0):
 garbage-first heap   total 264192K, used 161111K [0x0000000080000000, 0x0000000100000000)
  region size 1024K, 11 young (11264K), 11 survivors (11264K)
 Metaspace       used 111927K, committed 112768K, reserved 1179648K
  class space    used 14456K, committed 14848K, reserved 1048576K
}
Event: 40.560 GC heap before
{Heap before GC invocations=50 (full 0):
 garbage-first heap   total 264192K, used 215383K [0x0000000080000000, 0x0000000100000000)
  region size 1024K, 56 young (57344K), 11 survivors (11264K)
 Metaspace       used 112091K, committed 112896K, reserved 1179648K
  class space    used 14460K, committed 14848K, reserved 1048576K
}
Event: 40.598 GC heap after
{Heap after GC invocations=51 (full 0):
 garbage-first heap   total 264192K, used 171008K [0x0000000080000000, 0x0000000100000000)
  region size 1024K, 7 young (7168K), 7 survivors (7168K)
 Metaspace       used 112091K, committed 112896K, reserved 1179648K
  class space    used 14460K, committed 14848K, reserved 1048576K
}

